2017-12-26 11:54:08 +0000 [MT] Initial pipeline context: <IDEDistributionProcessingPipelineContext: 0x7fb7703f57f0; archive(resolved)='<IDEArchive: 0x7fb7701e2b20>', distributionTask(resolved)='2', distributionMethod(resolved)='<IDEDistributionMethodiOSAppStoreExport: 0x7fb76fdce0f0>', team(resolved)='<IDEProvisioningBasicTeam 0x7fb770404460: teamID: BSLHTJ88BT, teamName: (null)>'>
	Chain (11, self inclusive):
	<IDEDistributionProcessingPipelineContext: 0x7fb7703f57f0; archive = '<IDEArchive: 0x7fb7701e2b20>', distributionMethod='<IDEDistributionMethodiOSAppStoreExport: 0x7fb76fdce0f0>', team='<IDEProvisioningBasicTeam 0x7fb770404460: teamID: BSLHTJ88BT, teamName: (null)>'>
	<IDEDistributionProcessingPipelineContext: 0x7fb7703f0970; archive = '<IDEArchive: 0x7fb7701e2b20>', distributionMethod='<IDEDistributionMethodiOSAppStoreExport: 0x7fb76fdce0f0>', team='<IDEProvisioningBasicTeam 0x7fb770404460: teamID: BSLHTJ88BT, teamName: (null)>'>
	<IDEDistributionContext: 0x7fb77041d340; archive = '<IDEArchive: 0x7fb7701e2b20>', distributionMethod='<IDEDistributionMethodiOSAppStoreExport: 0x7fb76fdce0f0>', team='<IDEProvisioningBasicTeam 0x7fb770404460: teamID: BSLHTJ88BT, teamName: (null)>'>
	<IDEDistributionContext: 0x7fb770419240; archive = '<IDEArchive: 0x7fb7701e2b20>', distributionMethod='<IDEDistributionMethodiOSAppStoreExport: 0x7fb76fdce0f0>', team='<IDEProvisioningBasicTeam 0x7fb770404460: teamID: BSLHTJ88BT, teamName: (null)>'>
	<IDEDistributionContext: 0x7fb770402bc0; archive = '<IDEArchive: 0x7fb7701e2b20>', distributionMethod='<IDEDistributionMethodiOSAppStoreExport: 0x7fb76fdce0f0>', team='<IDEProvisioningBasicTeam 0x7fb770404460: teamID: BSLHTJ88BT, teamName: (null)>'>
	<IDEDistributionContext: 0x7fb7703acc80; archive = '<IDEArchive: 0x7fb7701e2b20>', distributionMethod='<IDEDistributionMethodiOSAppStoreExport: 0x7fb76fdce0f0>', team='<IDEProvisioningBasicTeam 0x7fb770404460: teamID: BSLHTJ88BT, teamName: (null)>'>
	<IDEDistributionContext: 0x7fb77040a410; archive = '<IDEArchive: 0x7fb7701e2b20>', distributionMethod='<IDEDistributionMethodiOSAppStoreExport: 0x7fb76fdce0f0>', team='<IDEProvisioningBasicTeam 0x7fb770404460: teamID: BSLHTJ88BT, teamName: (null)>'>
	<IDEDistributionContext: 0x7fb770405d90; archive = '<IDEArchive: 0x7fb7701e2b20>', distributionMethod='<IDEDistributionMethodiOSAppStoreExport: 0x7fb76fdce0f0>', team='<IDEProvisioningBasicTeam 0x7fb770404460: teamID: BSLHTJ88BT, teamName: (null)>'>
	<IDEDistributionContext: 0x7fb77037bbd0; archive = '<IDEArchive: 0x7fb7701e2b20>', distributionMethod='<IDEDistributionMethodiOSAppStoreExport: 0x7fb76fdce0f0>', team='<IDEProvisioningBasicTeam 0x7fb770404460: teamID: BSLHTJ88BT, teamName: (null)>'>
	<IDEDistributionContext: 0x7fb76fdd72a0; archive = '<IDEArchive: 0x7fb7701e2b20>', distributionMethod='<IDEDistributionMethodiOSAppStoreExport: 0x7fb76fdce0f0>', team='(null)'>
	<IDEDistributionContext: 0x7fb770377900; archive = '<IDEArchive: 0x7fb7701e2b20>', distributionMethod='(null)', team='(null)'>
</IDEDistributionProcessingPipelineContext: 0x7fb7703f57f0>
2017-12-26 11:54:08 +0000 [MT] Processing step: IDEDistributionCreateDestRootStep
2017-12-26 11:54:08 +0000 [MT] Processing step: IDEDistributionCopyItemStep
2017-12-26 11:54:08 +0000 [MT] Running /usr/bin/ditto '-V' '/Users/longhua/git/MusicPlayer/build/MusicPlayer.xcarchive/Products/Applications/MusicPlayer.app' '/var/folders/02/tsh9gwms46n90mp1j24y06nc0000gn/T/XcodeDistPipeline.Su9/Root/Payload/MusicPlayer.app'
2017-12-26 11:54:08 +0000  >>> Copying /Users/longhua/git/MusicPlayer/build/MusicPlayer.xcarchive/Products/Applications/MusicPlayer.app 
2017-12-26 11:54:08 +0000  copying file ./_CodeSignature/CodeResources ... 
2017-12-26 11:54:08 +0000  5447 bytes for ./_CodeSignature/CodeResources
2017-12-26 11:54:08 +0000  copying file ./安琥 - 千里明月光.mp3 ... 
2017-12-26 11:54:08 +0000  5428734 bytes for ./安琥 - 千里明月光.mp3
2017-12-26 11:54:08 +0000  copying file ./Base.lproj/Main.storyboardc/UIViewController-BYZ-38-t0r.nib ... 
2017-12-26 11:54:08 +0000  964 bytes for ./Base.lproj/Main.storyboardc/UIViewController-BYZ-38-t0r.nib
2017-12-26 11:54:08 +0000  copying file ./Base.lproj/Main.storyboardc/BYZ-38-t0r-view-8bC-Xf-vdC.nib ... 
2017-12-26 11:54:08 +0000  3498 bytes for ./Base.lproj/Main.storyboardc/BYZ-38-t0r-view-8bC-Xf-vdC.nib
copying file ./Base.lproj/Main.storyboardc/Info.plist ... 
2017-12-26 11:54:08 +0000  258 bytes for ./Base.lproj/Main.storyboardc/Info.plist
2017-12-26 11:54:08 +0000  copying file ./Base.lproj/LaunchScreen.storyboardc/01J-lp-oVM-view-Ze5-6b-2t3.nib ... 
2017-12-26 11:54:08 +0000  1791 bytes for ./Base.lproj/LaunchScreen.storyboardc/01J-lp-oVM-view-Ze5-6b-2t3.nib
copying file ./Base.lproj/LaunchScreen.storyboardc/UIViewController-01J-lp-oVM.nib ... 
2017-12-26 11:54:08 +0000  832 bytes for ./Base.lproj/LaunchScreen.storyboardc/UIViewController-01J-lp-oVM.nib
2017-12-26 11:54:08 +0000  copying file ./Base.lproj/LaunchScreen.storyboardc/Info.plist ... 
2017-12-26 11:54:08 +0000  258 bytes for ./Base.lproj/LaunchScreen.storyboardc/Info.plist
2017-12-26 11:54:08 +0000  copying file ./archived-expanded-entitlements.xcent ... 
2017-12-26 11:54:08 +0000  376 bytes for ./archived-expanded-entitlements.xcent
2017-12-26 11:54:08 +0000  copying file ./MusicPlayer ... 
2017-12-26 11:54:08 +0000  462672 bytes for ./MusicPlayer
copying file ./embedded.mobileprovision ... 
2017-12-26 11:54:08 +0000  9452 bytes for ./embedded.mobileprovision
2017-12-26 11:54:08 +0000  copying file ./Info.plist ... 
2017-12-26 11:54:08 +0000  1049 bytes for ./Info.plist
copying file ./PkgInfo ... 
2017-12-26 11:54:08 +0000  8 bytes for ./PkgInfo
2017-12-26 11:54:08 +0000  
2017-12-26 11:54:08 +0000  2017-12-26 11:54:08 +0000  2017-12-26 11:54:08 +0000 [MT] /usr/bin/ditto exited with 0


2017-12-26 11:54:08 +0000 [MT] Processing step: IDEDistributionEmbedProfileStep
2017-12-26 11:54:08 +0000 [MT] Processing step: IDEDistributionItemRemovalStep
2017-12-26 11:54:08 +0000 [MT] Processing step: IDEDistributionAppThinningPlistStep
2017-12-26 11:54:08 +0000 [MT] Skipping step: IDEDistributionAppThinningPlistStep because it said so
2017-12-26 11:54:08 +0000 [MT] Processing step: IDEDistributionCompileBitcodeStep
2017-12-26 11:54:08 +0000 [MT] Skipping step: IDEDistributionCompileBitcodeStep because it said so
2017-12-26 11:54:08 +0000 [MT] Processing step: IDEDistributionCodeSlimmingStep
2017-12-26 11:54:08 +0000 [MT] Processing step: IDEDistributionCopyBCSymbolMapsStep
2017-12-26 11:54:08 +0000 [MT] Running /usr/bin/ditto '-V' '/Users/longhua/git/MusicPlayer/build/MusicPlayer.xcarchive/BCSymbolMaps/ABC146C7-C08A-34AF-B428-D89DFADE8FC2.bcsymbolmap' '/var/folders/02/tsh9gwms46n90mp1j24y06nc0000gn/T/XcodeDistPipeline.Su9/Root/BCSymbolMaps/ABC146C7-C08A-34AF-B428-D89DFADE8FC2.bcsymbolmap'
2017-12-26 11:54:08 +0000  >>> Copying /Users/longhua/git/MusicPlayer/build/MusicPlayer.xcarchive/BCSymbolMaps/ABC146C7-C08A-34AF-B428-D89DFADE8FC2.bcsymbolmap 
2017-12-26 11:54:08 +0000  copying file ./ABC146C7-C08A-34AF-B428-D89DFADE8FC2.bcsymbolmap ... 
2017-12-26 11:54:08 +0000  
2017-12-26 11:54:08 +0000  13970 bytes for ./ABC146C7-C08A-34AF-B428-D89DFADE8FC2.bcsymbolmap
2017-12-26 11:54:08 +0000 [MT] /usr/bin/ditto exited with 0
2017-12-26 11:54:08 +0000  2017-12-26 11:54:08 +0000  

2017-12-26 11:54:08 +0000 [MT] Running /usr/bin/ditto '-V' '/Users/longhua/git/MusicPlayer/build/MusicPlayer.xcarchive/BCSymbolMaps/ADCF0CC4-A87E-3DD4-975C-DBA347D88F70.bcsymbolmap' '/var/folders/02/tsh9gwms46n90mp1j24y06nc0000gn/T/XcodeDistPipeline.Su9/Root/BCSymbolMaps/ADCF0CC4-A87E-3DD4-975C-DBA347D88F70.bcsymbolmap'
2017-12-26 11:54:08 +0000  >>> Copying /Users/longhua/git/MusicPlayer/build/MusicPlayer.xcarchive/BCSymbolMaps/ADCF0CC4-A87E-3DD4-975C-DBA347D88F70.bcsymbolmap 
2017-12-26 11:54:08 +0000  copying file ./ADCF0CC4-A87E-3DD4-975C-DBA347D88F70.bcsymbolmap ... 
2017-12-26 11:54:08 +0000  10978 bytes for ./ADCF0CC4-A87E-3DD4-975C-DBA347D88F70.bcsymbolmap
2017-12-26 11:54:08 +0000  
2017-12-26 11:54:08 +0000  2017-12-26 11:54:08 +0000 [MT] /usr/bin/ditto exited with 0
2017-12-26 11:54:08 +0000  

2017-12-26 11:54:08 +0000  2017-12-26 11:54:08 +0000 [MT] Processing step: IDEDistributionSymbolsStep

2017-12-26 11:54:08 +0000 [MT] Excluding symbols for MusicPlayer.app
2017-12-26 11:54:08 +0000 [MT] Processing step: IDEDistributionCopyAppleProvidedContentStep
2017-12-26 11:54:08 +0000 [MT] Processing step: IDEDistributionAppThinningStep
2017-12-26 11:54:08 +0000 [MT] Skipping step: IDEDistributionAppThinningStep because it said so
2017-12-26 11:54:08 +0000 [MT] Processing step: IDEDistributionODRStep
2017-12-26 11:54:08 +0000 [MT] Processing step: IDEDistributionStripXattrsStep
2017-12-26 11:54:08 +0000 [MT] Running /usr/bin/xattr '-crs' '/var/folders/02/tsh9gwms46n90mp1j24y06nc0000gn/T/XcodeDistPipeline.Su9/Root/Payload/MusicPlayer.app'
2017-12-26 11:54:08 +0000  
2017-12-26 11:54:08 +0000  2017-12-26 11:54:08 +0000 [MT] /usr/bin/xattr exited with 0
2017-12-26 11:54:08 +0000  
2017-12-26 11:54:08 +0000  

2017-12-26 11:54:08 +0000 [MT] Processing step: IDEDistributionCodesignStep
2017-12-26 11:54:08 +0000 [MT] Applying entitlements delta for <IDEDistributionItem: 0x7fb77050c740 'com.god.MusicPlayer' '<DVTFilePath:0x7fb7703774e0:'/Users/longhua/git/MusicPlayer/build/MusicPlayer.xcarchive/Products/Applications/MusicPlayer.app'>'> from <IDEiCloudEntitlementsProcessor: 0x7fb7703ab060>: {
}
2017-12-26 11:54:08 +0000 [MT] Entitlements for <IDEDistributionItem: 0x7fb77050c740 'com.god.MusicPlayer' '<DVTFilePath:0x7fb7703774e0:'/Users/longhua/git/MusicPlayer/build/MusicPlayer.xcarchive/Products/Applications/MusicPlayer.app'>'>: {
    "application-identifier" = "BSLHTJ88BT.com.god.MusicPlayer";
    "beta-reports-active" = 1;
    "com.apple.developer.team-identifier" = BSLHTJ88BT;
    "get-task-allow" = 0;
    "keychain-access-groups" =     (
        "BSLHTJ88BT.com.god.MusicPlayer"
    );
}
2017-12-26 11:54:08 +0000 [MT] Writing entitlements for <IDEDistributionItem: 0x7fb77050c740 'com.god.MusicPlayer' '<DVTFilePath:0x7fb7703774e0:'/Users/longhua/git/MusicPlayer/build/MusicPlayer.xcarchive/Products/Applications/MusicPlayer.app'>'> to: /var/folders/02/tsh9gwms46n90mp1j24y06nc0000gn/T/XcodeDistPipeline.Su9/entitlementsafVkp8
2017-12-26 11:54:08 +0000 [MT] Running /usr/bin/codesign '-vvv' '--force' '--sign' '39C233564453B0FEEB5A4E743D54ADCF64984C94' '--preserve-metadata=identifier,flags' '--entitlements' '/var/folders/02/tsh9gwms46n90mp1j24y06nc0000gn/T/XcodeDistPipeline.Su9/entitlementsafVkp8' '/var/folders/02/tsh9gwms46n90mp1j24y06nc0000gn/T/XcodeDistPipeline.Su9/Root/Payload/MusicPlayer.app'
2017-12-26 11:54:08 +0000  /var/folders/02/tsh9gwms46n90mp1j24y06nc0000gn/T/XcodeDistPipeline.Su9/Root/Payload/MusicPlayer.app: signed app bundle with Mach-O universal (armv7 arm64) [com.god.MusicPlayer]
2017-12-26 11:54:08 +0000  2017-12-26 11:54:08 +0000  

2017-12-26 11:54:08 +0000  
2017-12-26 11:54:08 +0000  
2017-12-26 11:54:08 +0000  
2017-12-26 11:54:08 +0000  2017-12-26 11:54:08 +0000  

2017-12-26 11:54:08 +0000  
2017-12-26 11:54:08 +0000  
2017-12-26 11:54:08 +0000  
2017-12-26 11:54:08 +0000  
2017-12-26 11:54:08 +0000  2017-12-26 11:54:08 +0000  

2017-12-26 11:54:08 +0000  2017-12-26 11:54:08 +0000 [MT] /usr/bin/codesign exited with 0
2017-12-26 11:54:08 +0000  

2017-12-26 11:54:08 +0000  
2017-12-26 11:54:08 +0000 [MT] Processing step: IDEDistributionStreamingZipItemStep
2017-12-26 11:54:08 +0000 [MT] Skipping step: IDEDistributionStreamingZipItemStep because it said so
2017-12-26 11:54:08 +0000 [MT] Processing step: IDEDistributionCreateIPAStep
2017-12-26 11:54:08 +0000 [MT] Running /usr/bin/ditto '-V' '-c' '-k' '--norsrc' '/var/folders/02/tsh9gwms46n90mp1j24y06nc0000gn/T/XcodeDistPipeline.Su9/Root' '/var/folders/02/tsh9gwms46n90mp1j24y06nc0000gn/T/XcodeDistPipeline.Su9/Packages/MusicPlayer.ipa'
2017-12-26 11:54:08 +0000  >>> Copying /var/folders/02/tsh9gwms46n90mp1j24y06nc0000gn/T/XcodeDistPipeline.Su9/Root 
2017-12-26 11:54:08 +0000  copying file ./BCSymbolMaps/ADCF0CC4-A87E-3DD4-975C-DBA347D88F70.bcsymbolmap ... 
2017-12-26 11:54:08 +0000  10978 bytes for ./BCSymbolMaps/ADCF0CC4-A87E-3DD4-975C-DBA347D88F70.bcsymbolmap
2017-12-26 11:54:08 +0000  copying file ./BCSymbolMaps/ABC146C7-C08A-34AF-B428-D89DFADE8FC2.bcsymbolmap ... 
2017-12-26 11:54:08 +0000  13970 bytes for ./BCSymbolMaps/ABC146C7-C08A-34AF-B428-D89DFADE8FC2.bcsymbolmap
2017-12-26 11:54:08 +0000  copying file ./Payload/MusicPlayer.app/_CodeSignature/CodeResources ... 
2017-12-26 11:54:08 +0000  5447 bytes for ./Payload/MusicPlayer.app/_CodeSignature/CodeResources
2017-12-26 11:54:08 +0000  copying file ./Payload/MusicPlayer.app/安琥 - 千里明月光.mp3 ... 
2017-12-26 11:54:08 +0000  5428734 bytes for ./Payload/MusicPlayer.app/安琥 - 千里明月光.mp3
2017-12-26 11:54:08 +0000  copying file ./Payload/MusicPlayer.app/Base.lproj/Main.storyboardc/UIViewController-BYZ-38-t0r.nib ... 
964 bytes for ./Payload/MusicPlayer.app/Base.lproj/Main.storyboardc/UIViewController-BYZ-38-t0r.nib
copying file ./Payload/MusicPlayer.app/Base.lproj/Main.storyboardc/BYZ-38-t0r-view-8bC-Xf-vdC.nib ... 
2017-12-26 11:54:08 +0000  3498 bytes for ./Payload/MusicPlayer.app/Base.lproj/Main.storyboardc/BYZ-38-t0r-view-8bC-Xf-vdC.nib
copying file ./Payload/MusicPlayer.app/Base.lproj/Main.storyboardc/Info.plist ... 
2017-12-26 11:54:08 +0000  258 bytes for ./Payload/MusicPlayer.app/Base.lproj/Main.storyboardc/Info.plist
copying file ./Payload/MusicPlayer.app/Base.lproj/LaunchScreen.storyboardc/01J-lp-oVM-view-Ze5-6b-2t3.nib ... 
2017-12-26 11:54:08 +0000  1791 bytes for ./Payload/MusicPlayer.app/Base.lproj/LaunchScreen.storyboardc/01J-lp-oVM-view-Ze5-6b-2t3.nib
copying file ./Payload/MusicPlayer.app/Base.lproj/LaunchScreen.storyboardc/UIViewController-01J-lp-oVM.nib ... 
2017-12-26 11:54:08 +0000  832 bytes for ./Payload/MusicPlayer.app/Base.lproj/LaunchScreen.storyboardc/UIViewController-01J-lp-oVM.nib
copying file ./Payload/MusicPlayer.app/Base.lproj/LaunchScreen.storyboardc/Info.plist ... 
2017-12-26 11:54:08 +0000  258 bytes for ./Payload/MusicPlayer.app/Base.lproj/LaunchScreen.storyboardc/Info.plist
2017-12-26 11:54:08 +0000  copying file ./Payload/MusicPlayer.app/archived-expanded-entitlements.xcent ... 
376 bytes for ./Payload/MusicPlayer.app/archived-expanded-entitlements.xcent
copying file ./Payload/MusicPlayer.app/MusicPlayer ... 
2017-12-26 11:54:08 +0000  366352 bytes for ./Payload/MusicPlayer.app/MusicPlayer
copying file ./Payload/MusicPlayer.app/embedded.mobileprovision ... 
2017-12-26 11:54:08 +0000  9374 bytes for ./Payload/MusicPlayer.app/embedded.mobileprovision
2017-12-26 11:54:08 +0000  copying file ./Payload/MusicPlayer.app/Info.plist ... 
2017-12-26 11:54:08 +0000  1049 bytes for ./Payload/MusicPlayer.app/Info.plist
copying file ./Payload/MusicPlayer.app/PkgInfo ... 
8 bytes for ./Payload/MusicPlayer.app/PkgInfo
2017-12-26 11:54:08 +0000  
2017-12-26 11:54:08 +0000  2017-12-26 11:54:08 +0000 [MT] /usr/bin/ditto exited with 0

2017-12-26 11:54:08 +0000  2017-12-26 11:54:08 +0000  

2017-12-26 11:54:08 +0000 [MT] Processing step: IDEDistributionCreateManifestStep
2017-12-26 11:54:08 +0000 [MT] Skipping step: IDEDistributionCreateManifestStep because it said so
